<?xml version="1.0" encoding="UTF-8"?>
<!-- Generated by org.testng.reporters.JUnitXMLReporter -->
<testsuite hostname="SIVASARADA" ignored="2" name="GRP-BMW" tests="2" failures="0" timestamp="30 Apr 2017 15:40:31 GMT" time="0.083" errors="0">
  <testcase name="BMWX3" time="0.012" classname="Seleniumdemo.Grouping"/>
  <testcase name="BMW3Series" time="0.002" classname="Seleniumdemo.Grouping"/>
  <testcase name="AudiA6" time="0.0" classname="Seleniumdemo.Grouping">
    <ignored/>
  </testcase> <!-- AudiA6 -->
  <testcase name="HondaAccord" time="0.0" classname="Seleniumdemo.Grouping">
    <ignored/>
  </testcase> <!-- HondaAccord -->
</testsuite> <!-- GRP-BMW -->
