<?xml version="1.0" encoding="UTF-8"?>
<testng-results skipped="0" failed="0" ignored="0" total="1" passed="1">
  <reporter-output>
  </reporter-output>
  <suite name="Default suite" duration-ms="16753" started-at="2017-05-05T04:09:04Z" finished-at="2017-05-05T04:09:21Z">
    <groups>
    </groups>
    <test name="Default test" duration-ms="16753" started-at="2017-05-05T04:09:04Z" finished-at="2017-05-05T04:09:21Z">
      <class name="Sample.TestNG_TestCase">
        <test-method status="PASS" signature="beforeMethod()[pri:0, instance:Sample.TestNG_TestCase@4961f6af]" name="beforeMethod" is-config="true" duration-ms="7454" started-at="2017-05-05T14:09:04Z" finished-at="2017-05-05T14:09:12Z">
          <reporter-output>
          </reporter-output>
        </test-method> <!-- beforeMethod -->
        <test-method status="PASS" signature="testMethod()[pri:0, instance:Sample.TestNG_TestCase@4961f6af]" name="testMethod" duration-ms="9280" started-at="2017-05-05T14:09:12Z" finished-at="2017-05-05T14:09:21Z">
          <reporter-output>
          </reporter-output>
        </test-method> <!-- testMethod -->
        <test-method status="PASS" signature="afterMethod()[pri:0, instance:Sample.TestNG_TestCase@4961f6af]" name="afterMethod" is-config="true" duration-ms="0" started-at="2017-05-05T14:09:21Z" finished-at="2017-05-05T14:09:21Z">
          <reporter-output>
          </reporter-output>
        </test-method> <!-- afterMethod -->
      </class> <!-- Sample.TestNG_TestCase -->
    </test> <!-- Default test -->
  </suite> <!-- Default suite -->
</testng-results>
